{"C:\\Users\\Zeink\\OneDrive\\Desktop\\frontendassmnt\\todo-app\\src\\App.jsx": {"path":"C:\\Users\\Zeink\\OneDrive\\Desktop\\frontendassmnt\\todo-app\\src\\App.jsx","statementMap":{"0":{"start":{"line":6,"column":16},"end":{"line":10,"column":1}},"1":{"start":{"line":12,"column":20},"end":{"line":12,"column":36}},"2":{"start":{"line":15,"column":2},"end":{"line":36,"column":3}},"3":{"start":{"line":16,"column":16},"end":{"line":16,"column":94}},"4":{"start":{"line":17,"column":4},"end":{"line":17,"column":24}},"5":{"start":{"line":17,"column":14},"end":{"line":17,"column":24}},"6":{"start":{"line":18,"column":19},"end":{"line":18,"column":34}},"7":{"start":{"line":19,"column":4},"end":{"line":19,"column":42}},"8":{"start":{"line":19,"column":32},"end":{"line":19,"column":42}},"9":{"start":{"line":20,"column":4},"end":{"line":33,"column":10}},"10":{"start":{"line":23,"column":10},"end":{"line":26,"column":42}},"11":{"start":{"line":28,"column":19},"end":{"line":33,"column":7}},"12":{"start":{"line":35,"column":4},"end":{"line":35,"column":14}},"13":{"start":{"line":40,"column":2},"end":{"line":46,"column":3}},"14":{"start":{"line":41,"column":4},"end":{"line":43,"column":5}},"15":{"start":{"line":42,"column":6},"end":{"line":42,"column":63}},"16":{"start":{"line":50,"column":28},"end":{"line":50,"column":55}},"17":{"start":{"line":50,"column":43},"end":{"line":50,"column":54}},"18":{"start":{"line":51,"column":30},"end":{"line":51,"column":51}},"19":{"start":{"line":52,"column":26},"end":{"line":52,"column":41}},"20":{"start":{"line":55,"column":2},"end":{"line":57,"column":14}},"21":{"start":{"line":56,"column":4},"end":{"line":56,"column":21}},"22":{"start":{"line":61,"column":6},"end":{"line":63,"column":67}},"23":{"start":{"line":65,"column":20},"end":{"line":70,"column":5}},"24":{"start":{"line":72,"column":4},"end":{"line":72,"column":43}},"25":{"start":{"line":72,"column":23},"end":{"line":72,"column":41}},"26":{"start":{"line":76,"column":4},"end":{"line":78,"column":6}},"27":{"start":{"line":77,"column":6},"end":{"line":77,"column":76}},"28":{"start":{"line":77,"column":23},"end":{"line":77,"column":74}},"29":{"start":{"line":82,"column":4},"end":{"line":82,"column":56}},"30":{"start":{"line":82,"column":23},"end":{"line":82,"column":54}},"31":{"start":{"line":82,"column":42},"end":{"line":82,"column":53}},"32":{"start":{"line":86,"column":4},"end":{"line":94,"column":5}},"33":{"start":{"line":88,"column":8},"end":{"line":88,"column":49}},"34":{"start":{"line":88,"column":35},"end":{"line":88,"column":47}},"35":{"start":{"line":90,"column":8},"end":{"line":90,"column":48}},"36":{"start":{"line":90,"column":35},"end":{"line":90,"column":46}},"37":{"start":{"line":93,"column":8},"end":{"line":93,"column":21}},"38":{"start":{"line":97,"column":24},"end":{"line":97,"column":42}},"39":{"start":{"line":100,"column":21},"end":{"line":100,"column":37}},"40":{"start":{"line":101,"column":4},"end":{"line":109,"column":6}},"41":{"start":{"line":104,"column":23},"end":{"line":104,"column":39}},"42":{"start":{"line":112,"column":2},"end":{"line":170,"column":4}},"43":{"start":{"line":120,"column":29},"end":{"line":120,"column":47}},"44":{"start":{"line":120,"column":44},"end":{"line":120,"column":46}},"45":{"start":{"line":158,"column":16},"end":{"line":163,"column":18}}},"fnMap":{"0":{"name":"loadTasks","decl":{"start":{"line":14,"column":9},"end":{"line":14,"column":18}},"loc":{"start":{"line":14,"column":21},"end":{"line":37,"column":1}},"line":14},"1":{"name":"(anonymous_1)","decl":{"start":{"line":22,"column":8},"end":{"line":22,"column":9}},"loc":{"start":{"line":23,"column":10},"end":{"line":26,"column":42}},"line":23},"2":{"name":"(anonymous_2)","decl":{"start":{"line":28,"column":11},"end":{"line":28,"column":12}},"loc":{"start":{"line":28,"column":19},"end":{"line":33,"column":7}},"line":28},"3":{"name":"saveTasks","decl":{"start":{"line":39,"column":9},"end":{"line":39,"column":18}},"loc":{"start":{"line":39,"column":26},"end":{"line":47,"column":1}},"line":39},"4":{"name":"App","decl":{"start":{"line":49,"column":24},"end":{"line":49,"column":27}},"loc":{"start":{"line":49,"column":30},"end":{"line":171,"column":1}},"line":49},"5":{"name":"(anonymous_5)","decl":{"start":{"line":50,"column":37},"end":{"line":50,"column":38}},"loc":{"start":{"line":50,"column":43},"end":{"line":50,"column":54}},"line":50},"6":{"name":"(anonymous_6)","decl":{"start":{"line":55,"column":12},"end":{"line":55,"column":13}},"loc":{"start":{"line":55,"column":18},"end":{"line":57,"column":3}},"line":55},"7":{"name":"handleAddTask","decl":{"start":{"line":59,"column":11},"end":{"line":59,"column":24}},"loc":{"start":{"line":59,"column":49},"end":{"line":73,"column":3}},"line":59},"8":{"name":"(anonymous_8)","decl":{"start":{"line":72,"column":13},"end":{"line":72,"column":14}},"loc":{"start":{"line":72,"column":23},"end":{"line":72,"column":41}},"line":72},"9":{"name":"handleToggleTask","decl":{"start":{"line":75,"column":11},"end":{"line":75,"column":27}},"loc":{"start":{"line":75,"column":32},"end":{"line":79,"column":3}},"line":75},"10":{"name":"(anonymous_10)","decl":{"start":{"line":76,"column":13},"end":{"line":76,"column":14}},"loc":{"start":{"line":77,"column":6},"end":{"line":77,"column":76}},"line":77},"11":{"name":"(anonymous_11)","decl":{"start":{"line":77,"column":15},"end":{"line":77,"column":16}},"loc":{"start":{"line":77,"column":23},"end":{"line":77,"column":74}},"line":77},"12":{"name":"handleDeleteTask","decl":{"start":{"line":81,"column":11},"end":{"line":81,"column":27}},"loc":{"start":{"line":81,"column":32},"end":{"line":83,"column":3}},"line":81},"13":{"name":"(anonymous_13)","decl":{"start":{"line":82,"column":13},"end":{"line":82,"column":14}},"loc":{"start":{"line":82,"column":23},"end":{"line":82,"column":54}},"line":82},"14":{"name":"(anonymous_14)","decl":{"start":{"line":82,"column":35},"end":{"line":82,"column":36}},"loc":{"start":{"line":82,"column":42},"end":{"line":82,"column":53}},"line":82},"15":{"name":"getFilteredTasks","decl":{"start":{"line":85,"column":11},"end":{"line":85,"column":27}},"loc":{"start":{"line":85,"column":30},"end":{"line":95,"column":3}},"line":85},"16":{"name":"(anonymous_16)","decl":{"start":{"line":88,"column":28},"end":{"line":88,"column":29}},"loc":{"start":{"line":88,"column":35},"end":{"line":88,"column":47}},"line":88},"17":{"name":"(anonymous_17)","decl":{"start":{"line":90,"column":28},"end":{"line":90,"column":29}},"loc":{"start":{"line":90,"column":35},"end":{"line":90,"column":46}},"line":90},"18":{"name":"FilterButton","decl":{"start":{"line":99,"column":11},"end":{"line":99,"column":23}},"loc":{"start":{"line":99,"column":42},"end":{"line":110,"column":3}},"line":99},"19":{"name":"(anonymous_19)","decl":{"start":{"line":104,"column":17},"end":{"line":104,"column":18}},"loc":{"start":{"line":104,"column":23},"end":{"line":104,"column":39}},"line":104},"20":{"name":"(anonymous_20)","decl":{"start":{"line":120,"column":23},"end":{"line":120,"column":24}},"loc":{"start":{"line":120,"column":29},"end":{"line":120,"column":47}},"line":120},"21":{"name":"(anonymous_21)","decl":{"start":{"line":120,"column":37},"end":{"line":120,"column":38}},"loc":{"start":{"line":120,"column":44},"end":{"line":120,"column":46}},"line":120},"22":{"name":"(anonymous_22)","decl":{"start":{"line":157,"column":33},"end":{"line":157,"column":34}},"loc":{"start":{"line":158,"column":16},"end":{"line":163,"column":18}},"line":158}},"branchMap":{"0":{"loc":{"start":{"line":16,"column":16},"end":{"line":16,"column":94}},"type":"cond-expr","locations":[{"start":{"line":16,"column":54},"end":{"line":16,"column":87}},{"start":{"line":16,"column":90},"end":{"line":16,"column":94}}],"line":16},"1":{"loc":{"start":{"line":17,"column":4},"end":{"line":17,"column":24}},"type":"if","locations":[{"start":{"line":17,"column":4},"end":{"line":17,"column":24}},{"start":{},"end":{}}],"line":17},"2":{"loc":{"start":{"line":19,"column":4},"end":{"line":19,"column":42}},"type":"if","locations":[{"start":{"line":19,"column":4},"end":{"line":19,"column":42}},{"start":{},"end":{}}],"line":19},"3":{"loc":{"start":{"line":23,"column":10},"end":{"line":26,"column":42}},"type":"binary-expr","locations":[{"start":{"line":23,"column":10},"end":{"line":23,"column":11}},{"start":{"line":24,"column":10},"end":{"line":24,"column":34}},{"start":{"line":25,"column":10},"end":{"line":25,"column":37}},{"start":{"line":26,"column":10},"end":{"line":26,"column":42}}],"line":23},"4":{"loc":{"start":{"line":31,"column":21},"end":{"line":31,"column":75}},"type":"cond-expr","locations":[{"start":{"line":31,"column":57},"end":{"line":31,"column":70}},{"start":{"line":31,"column":73},"end":{"line":31,"column":75}}],"line":31},"5":{"loc":{"start":{"line":41,"column":4},"end":{"line":43,"column":5}},"type":"if","locations":[{"start":{"line":41,"column":4},"end":{"line":43,"column":5}},{"start":{},"end":{}}],"line":41},"6":{"loc":{"start":{"line":61,"column":6},"end":{"line":63,"column":67}},"type":"cond-expr","locations":[{"start":{"line":62,"column":10},"end":{"line":62,"column":29}},{"start":{"line":63,"column":10},"end":{"line":63,"column":67}}],"line":61},"7":{"loc":{"start":{"line":61,"column":6},"end":{"line":61,"column":56}},"type":"binary-expr","locations":[{"start":{"line":61,"column":6},"end":{"line":61,"column":35}},{"start":{"line":61,"column":39},"end":{"line":61,"column":56}}],"line":61},"8":{"loc":{"start":{"line":68,"column":19},"end":{"line":68,"column":44}},"type":"binary-expr","locations":[{"start":{"line":68,"column":19},"end":{"line":68,"column":38}},{"start":{"line":68,"column":42},"end":{"line":68,"column":44}}],"line":68},"9":{"loc":{"start":{"line":77,"column":23},"end":{"line":77,"column":74}},"type":"cond-expr","locations":[{"start":{"line":77,"column":37},"end":{"line":77,"column":70}},{"start":{"line":77,"column":73},"end":{"line":77,"column":74}}],"line":77},"10":{"loc":{"start":{"line":86,"column":4},"end":{"line":94,"column":5}},"type":"switch","locations":[{"start":{"line":87,"column":6},"end":{"line":88,"column":49}},{"start":{"line":89,"column":6},"end":{"line":90,"column":48}},{"start":{"line":91,"column":6},"end":{"line":91,"column":23}},{"start":{"line":92,"column":6},"end":{"line":93,"column":21}}],"line":86},"11":{"loc":{"start":{"line":113,"column":27},"end":{"line":113,"column":45}},"type":"cond-expr","locations":[{"start":{"line":113,"column":34},"end":{"line":113,"column":40}},{"start":{"line":113,"column":43},"end":{"line":113,"column":45}}],"line":113},"12":{"loc":{"start":{"line":125,"column":15},"end":{"line":125,"column":48}},"type":"cond-expr","locations":[{"start":{"line":125,"column":22},"end":{"line":125,"column":34}},{"start":{"line":125,"column":37},"end":{"line":125,"column":48}}],"line":125},"13":{"loc":{"start":{"line":149,"column":11},"end":{"line":166,"column":11}},"type":"cond-expr","locations":[{"start":{"line":150,"column":12},"end":{"line":154,"column":16}},{"start":{"line":156,"column":12},"end":{"line":165,"column":17}}],"line":149},"14":{"loc":{"start":{"line":151,"column":15},"end":{"line":153,"column":47}},"type":"cond-expr","locations":[{"start":{"line":152,"column":18},"end":{"line":152,"column":54}},{"start":{"line":153,"column":18},"end":{"line":153,"column":47}}],"line":151}},"s":{"0":2,"1":2,"2":2,"3":2,"4":2,"5":2,"6":0,"7":0,"8":0,"9":0,"10":0,"11":0,"12":0,"13":3,"14":3,"15":3,"16":3,"17":2,"18":3,"19":3,"20":3,"21":3,"22":1,"23":1,"24":1,"25":1,"26":0,"27":0,"28":0,"29":0,"30":0,"31":0,"32":3,"33":0,"34":0,"35":0,"36":0,"37":3,"38":3,"39":9,"40":9,"41":0,"42":3,"43":0,"44":0,"45":1},"f":{"0":2,"1":0,"2":0,"3":3,"4":3,"5":2,"6":3,"7":1,"8":1,"9":0,"10":0,"11":0,"12":0,"13":0,"14":0,"15":3,"16":0,"17":0,"18":9,"19":0,"20":0,"21":0,"22":1},"b":{"0":[2,0],"1":[2,0],"2":[0,0],"3":[0,0,0,0],"4":[0,0],"5":[3,0],"6":[1,0],"7":[1,1],"8":[1,0],"9":[0,0],"10":[0,0,3,3],"11":[0,3],"12":[0,3],"13":[2,1],"14":[2,0]},"_coverageSchema":"1a1c01bbd47fc00a2c39e90264f33305004495a9","hash":"0fddaab6cbf3c4901095f51fd3df50c3723cd7a8"}
,"C:\\Users\\Zeink\\OneDrive\\Desktop\\frontendassmnt\\todo-app\\src\\components\\TaskInput.jsx": {"path":"C:\\Users\\Zeink\\OneDrive\\Desktop\\frontendassmnt\\todo-app\\src\\components\\TaskInput.jsx","statementMap":{"0":{"start":{"line":9,"column":28},"end":{"line":9,"column":40}},"1":{"start":{"line":10,"column":40},"end":{"line":10,"column":52}},"2":{"start":{"line":13,"column":4},"end":{"line":13,"column":23}},"3":{"start":{"line":14,"column":14},"end":{"line":14,"column":26}},"4":{"start":{"line":15,"column":14},"end":{"line":15,"column":32}},"5":{"start":{"line":17,"column":4},"end":{"line":17,"column":19}},"6":{"start":{"line":17,"column":12},"end":{"line":17,"column":19}},"7":{"start":{"line":19,"column":4},"end":{"line":19,"column":46}},"8":{"start":{"line":22,"column":4},"end":{"line":22,"column":17}},"9":{"start":{"line":23,"column":4},"end":{"line":23,"column":23}},"10":{"start":{"line":26,"column":2},"end":{"line":95,"column":4}},"11":{"start":{"line":47,"column":27},"end":{"line":47,"column":51}},"12":{"start":{"line":66,"column":27},"end":{"line":66,"column":57}}},"fnMap":{"0":{"name":"TaskInput","decl":{"start":{"line":8,"column":24},"end":{"line":8,"column":33}},"loc":{"start":{"line":8,"column":45},"end":{"line":96,"column":1}},"line":8},"1":{"name":"handleSubmit","decl":{"start":{"line":12,"column":11},"end":{"line":12,"column":23}},"loc":{"start":{"line":12,"column":27},"end":{"line":24,"column":3}},"line":12},"2":{"name":"(anonymous_2)","decl":{"start":{"line":47,"column":20},"end":{"line":47,"column":21}},"loc":{"start":{"line":47,"column":27},"end":{"line":47,"column":51}},"line":47},"3":{"name":"(anonymous_3)","decl":{"start":{"line":66,"column":20},"end":{"line":66,"column":21}},"loc":{"start":{"line":66,"column":27},"end":{"line":66,"column":57}},"line":66}},"branchMap":{"0":{"loc":{"start":{"line":17,"column":4},"end":{"line":17,"column":19}},"type":"if","locations":[{"start":{"line":17,"column":4},"end":{"line":17,"column":19}},{"start":{},"end":{}}],"line":17},"1":{"loc":{"start":{"line":19,"column":35},"end":{"line":19,"column":42}},"type":"binary-expr","locations":[{"start":{"line":19,"column":35},"end":{"line":19,"column":36}},{"start":{"line":19,"column":40},"end":{"line":19,"column":42}}],"line":19}},"s":{"0":19,"1":19,"2":1,"3":1,"4":1,"5":1,"6":0,"7":1,"8":1,"9":1,"10":19,"11":8,"12":8},"f":{"0":19,"1":1,"2":8,"3":8},"b":{"0":[0,1],"1":[1,0]},"_coverageSchema":"1a1c01bbd47fc00a2c39e90264f33305004495a9","hash":"043228b356e62c618dacca33cdf54e8b32440a27"}
,"C:\\Users\\Zeink\\OneDrive\\Desktop\\frontendassmnt\\todo-app\\src\\components\\TaskItem.jsx": {"path":"C:\\Users\\Zeink\\OneDrive\\Desktop\\frontendassmnt\\todo-app\\src\\components\\TaskItem.jsx","statementMap":{"0":{"start":{"line":11,"column":48},"end":{"line":11,"column":52}},"1":{"start":{"line":13,"column":2},"end":{"line":83,"column":4}},"2":{"start":{"line":30,"column":24},"end":{"line":30,"column":36}},"3":{"start":{"line":66,"column":23},"end":{"line":66,"column":35}}},"fnMap":{"0":{"name":"TaskItem","decl":{"start":{"line":10,"column":24},"end":{"line":10,"column":32}},"loc":{"start":{"line":10,"column":63},"end":{"line":84,"column":1}},"line":10},"1":{"name":"(anonymous_1)","decl":{"start":{"line":30,"column":18},"end":{"line":30,"column":19}},"loc":{"start":{"line":30,"column":24},"end":{"line":30,"column":36}},"line":30},"2":{"name":"(anonymous_2)","decl":{"start":{"line":66,"column":17},"end":{"line":66,"column":18}},"loc":{"start":{"line":66,"column":23},"end":{"line":66,"column":35}},"line":66}},"branchMap":{"0":{"loc":{"start":{"line":32,"column":42},"end":{"line":32,"column":76}},"type":"cond-expr","locations":[{"start":{"line":32,"column":54},"end":{"line":32,"column":62}},{"start":{"line":32,"column":65},"end":{"line":32,"column":76}}],"line":32},"1":{"loc":{"start":{"line":40,"column":30},"end":{"line":40,"column":65}},"type":"cond-expr","locations":[{"start":{"line":40,"column":42},"end":{"line":40,"column":56}},{"start":{"line":40,"column":59},"end":{"line":40,"column":65}}],"line":40},"2":{"loc":{"start":{"line":41,"column":21},"end":{"line":41,"column":54}},"type":"cond-expr","locations":[{"start":{"line":41,"column":33},"end":{"line":41,"column":42}},{"start":{"line":41,"column":45},"end":{"line":41,"column":54}}],"line":41},"3":{"loc":{"start":{"line":48,"column":9},"end":{"line":58,"column":16}},"type":"cond-expr","locations":[{"start":{"line":49,"column":10},"end":{"line":57,"column":16}},{"start":{"line":58,"column":12},"end":{"line":58,"column":16}}],"line":48},"4":{"loc":{"start":{"line":51,"column":21},"end":{"line":51,"column":54}},"type":"cond-expr","locations":[{"start":{"line":51,"column":33},"end":{"line":51,"column":42}},{"start":{"line":51,"column":45},"end":{"line":51,"column":54}}],"line":51},"5":{"loc":{"start":{"line":53,"column":30},"end":{"line":53,"column":65}},"type":"cond-expr","locations":[{"start":{"line":53,"column":42},"end":{"line":53,"column":56}},{"start":{"line":53,"column":59},"end":{"line":53,"column":65}}],"line":53},"6":{"loc":{"start":{"line":61,"column":19},"end":{"line":61,"column":53}},"type":"cond-expr","locations":[{"start":{"line":61,"column":31},"end":{"line":61,"column":42}},{"start":{"line":61,"column":45},"end":{"line":61,"column":53}}],"line":61}},"s":{"0":1,"1":1,"2":0,"3":0},"f":{"0":1,"1":0,"2":0},"b":{"0":[0,1],"1":[0,1],"2":[0,1],"3":[1,0],"4":[0,1],"5":[0,1],"6":[0,1]},"_coverageSchema":"1a1c01bbd47fc00a2c39e90264f33305004495a9","hash":"2585c9b887e03de698e7100c47e3fc349b54f788"}
}
