TN:
SF:src\App.jsx
FN:14,loadTasks
FN:22,(anonymous_1)
FN:28,(anonymous_2)
FN:39,saveTasks
FN:49,App
FN:50,(anonymous_5)
FN:55,(anonymous_6)
FN:59,handleAddTask
FN:72,(anonymous_8)
FN:75,handleToggleTask
FN:76,(anonymous_10)
FN:77,(anonymous_11)
FN:81,handleDeleteTask
FN:82,(anonymous_13)
FN:82,(anonymous_14)
FN:85,getFilteredTasks
FN:88,(anonymous_16)
FN:90,(anonymous_17)
FN:99,FilterButton
FN:104,(anonymous_19)
FN:120,(anonymous_20)
FN:120,(anonymous_21)
FN:157,(anonymous_22)
FNF:23
FNH:10
FNDA:2,loadTasks
FNDA:0,(anonymous_1)
FNDA:0,(anonymous_2)
FNDA:3,saveTasks
FNDA:3,App
FNDA:2,(anonymous_5)
FNDA:3,(anonymous_6)
FNDA:1,handleAddTask
FNDA:1,(anonymous_8)
FNDA:0,handleToggleTask
FNDA:0,(anonymous_10)
FNDA:0,(anonymous_11)
FNDA:0,handleDeleteTask
FNDA:0,(anonymous_13)
FNDA:0,(anonymous_14)
FNDA:3,getFilteredTasks
FNDA:0,(anonymous_16)
FNDA:0,(anonymous_17)
FNDA:9,FilterButton
FNDA:0,(anonymous_19)
FNDA:0,(anonymous_20)
FNDA:0,(anonymous_21)
FNDA:1,(anonymous_22)
DA:6,2
DA:12,2
DA:15,2
DA:16,2
DA:17,2
DA:18,0
DA:19,0
DA:20,0
DA:23,0
DA:28,0
DA:35,0
DA:40,3
DA:41,3
DA:42,3
DA:50,3
DA:51,3
DA:52,3
DA:55,3
DA:56,3
DA:61,1
DA:65,1
DA:72,1
DA:76,0
DA:77,0
DA:82,0
DA:86,3
DA:88,0
DA:90,0
DA:93,3
DA:97,3
DA:100,9
DA:101,9
DA:104,0
DA:112,3
DA:120,0
DA:158,1
LF:36
LH:23
BRDA:16,0,0,2
BRDA:16,0,1,0
BRDA:17,1,0,2
BRDA:17,1,1,0
BRDA:19,2,0,0
BRDA:19,2,1,0
BRDA:23,3,0,0
BRDA:23,3,1,0
BRDA:23,3,2,0
BRDA:23,3,3,0
BRDA:31,4,0,0
BRDA:31,4,1,0
BRDA:41,5,0,3
BRDA:41,5,1,0
BRDA:61,6,0,1
BRDA:61,6,1,0
BRDA:61,7,0,1
BRDA:61,7,1,1
BRDA:68,8,0,1
BRDA:68,8,1,0
BRDA:77,9,0,0
BRDA:77,9,1,0
BRDA:86,10,0,0
BRDA:86,10,1,0
BRDA:86,10,2,3
BRDA:86,10,3,3
BRDA:113,11,0,0
BRDA:113,11,1,3
BRDA:125,12,0,0
BRDA:125,12,1,3
BRDA:149,13,0,2
BRDA:149,13,1,1
BRDA:151,14,0,2
BRDA:151,14,1,0
BRF:34
BRH:14
end_of_record
TN:
SF:src\components\TaskInput.jsx
FN:8,TaskInput
FN:12,handleSubmit
FN:47,(anonymous_2)
FN:66,(anonymous_3)
FNF:4
FNH:4
FNDA:19,TaskInput
FNDA:1,handleSubmit
FNDA:8,(anonymous_2)
FNDA:8,(anonymous_3)
DA:9,19
DA:10,19
DA:13,1
DA:14,1
DA:15,1
DA:17,1
DA:19,1
DA:22,1
DA:23,1
DA:26,19
DA:47,8
DA:66,8
LF:12
LH:12
BRDA:17,0,0,0
BRDA:17,0,1,1
BRDA:19,1,0,1
BRDA:19,1,1,0
BRF:4
BRH:2
end_of_record
TN:
SF:src\components\TaskItem.jsx
FN:10,TaskItem
FN:30,(anonymous_1)
FN:66,(anonymous_2)
FNF:3
FNH:1
FNDA:1,TaskItem
FNDA:0,(anonymous_1)
FNDA:0,(anonymous_2)
DA:11,1
DA:13,1
DA:30,0
DA:66,0
LF:4
LH:2
BRDA:32,0,0,0
BRDA:32,0,1,1
BRDA:40,1,0,0
BRDA:40,1,1,1
BRDA:41,2,0,0
BRDA:41,2,1,1
BRDA:48,3,0,1
BRDA:48,3,1,0
BRDA:51,4,0,0
BRDA:51,4,1,1
BRDA:53,5,0,0
BRDA:53,5,1,1
BRDA:61,6,0,0
BRDA:61,6,1,1
BRF:14
BRH:7
end_of_record
